# JRE version: OpenJDK Runtime Environment Temurin-21.0.8+9 (21.0.8+9) (build 21.0.8+9-LTS)
# Java VM: OpenJDK 64-Bit Server VM Temurin-21.0.8+9 (21.0.8+9-LTS, mixed mode, sharing, tiered, compressed oops, compressed class ptrs, parallel gc, windows-amd64)
GC Precious Log:
 CardTable entry size: 512
 CPUs: 8 total, 8 available
 Memory: 6020M
 Large Page Support: Disabled
 NUMA Support: Disabled
 Compressed Oops: Enabled (32-bit)
 Alignments: Space 512K, Generation 512K, Heap 2M
 Heap Min Capacity: 100M
 Heap Initial Capacity: 100M
 Heap Max Capacity: 2G
 Pre-touch: Disabled
 Parallel Workers: 8
Heap:
 PSYoungGen      total 4096K, used 2562K [0x00000000d5580000, 0x00000000d5b80000, 0x0000000100000000)
  eden space 2048K, 29% used [0x00000000d5580000,0x00000000d56189d8,0x00000000d5780000)
  from space 2048K, 95% used [0x00000000d5980000,0x00000000d5b68000,0x00000000d5b80000)
  to   space 2048K, 0% used [0x00000000d5780000,0x00000000d5780000,0x00000000d5980000)
 ParOldGen       total 586752K, used 586715K [0x0000000080000000, 0x00000000a3d00000, 0x00000000d5580000)
  object space 586752K, 99% used [0x0000000080000000,0x00000000a3cf6ea0,0x00000000a3d00000)
 Metaspace       used 71925K, committed 73344K, reserved 1114112K
  class space    used 7620K, committed 8256K, reserved 1048576K
GC Heap History (20 events):
Event: 628.764 GC heap before
{Heap before GC invocations=706 (full 3):
 PSYoungGen      total 2560K, used 2352K [0x00000000d5580000, 0x00000000d5980000, 0x0000000100000000)
  eden space 2048K, 100% used [0x00000000d5580000,0x00000000d5780000,0x00000000d5780000)
  from space 512K, 59% used [0x00000000d5900000,0x00000000d594c010,0x00000000d5980000)
  to   space 512K, 0% used [0x00000000d5880000,0x00000000d5880000,0x00000000d5900000)
 ParOldGen       total 583168K, used 583107K [0x0000000080000000, 0x00000000a3980000, 0x00000000d5580000)
  object space 583168K, 99% used [0x0000000080000000,0x00000000a3970cb0,0x00000000a3980000)
 Metaspace       used 71407K, committed 72768K, reserved 1114112K
  class space    used 7587K, committed 8192K, reserved 1048576K
}
Event: 628.767 GC heap after
{Heap after GC invocations=706 (full 3):
 PSYoungGen      total 2560K, used 272K [0x00000000d5580000, 0x00000000d5980000, 0x0000000100000000)
  eden space 2048K, 0% used [0x00000000d5580000,0x00000000d5580000,0x00000000d5780000)
  from space 512K, 53% used [0x00000000d5880000,0x00000000d58c4010,0x00000000d5900000)
  to   space 512K, 0% used [0x00000000d5900000,0x00000000d5900000,0x00000000d5980000)
 ParOldGen       total 583168K, used 583147K [0x0000000080000000, 0x00000000a3980000, 0x00000000d5580000)
  object space 583168K, 99% used [0x0000000080000000,0x00000000a397acb0,0x00000000a3980000)
 Metaspace       used 71407K, committed 72768K, reserved 1114112K
  class space    used 7587K, committed 8192K, reserved 1048576K
}
Event: 629.091 GC heap before
{Heap before GC invocations=707 (full 3):
 PSYoungGen      total 2560K, used 2320K [0x00000000d5580000, 0x00000000d5980000, 0x0000000100000000)
  eden space 2048K, 100% used [0x00000000d5580000,0x00000000d5780000,0x00000000d5780000)
  from space 512K, 53% used [0x00000000d5880000,0x00000000d58c4010,0x00000000d5900000)
  to   space 512K, 0% used [0x00000000d5900000,0x00000000d5900000,0x00000000d5980000)
 ParOldGen       total 583168K, used 583147K [0x0000000080000000, 0x00000000a3980000, 0x00000000d5580000)
  object space 583168K, 99% used [0x0000000080000000,0x00000000a397acb0,0x00000000a3980000)
 Metaspace       used 71421K, committed 72768K, reserved 1114112K
  class space    used 7588K, committed 8192K, reserved 1048576K
}
Event: 629.095 GC heap after
{Heap after GC invocations=707 (full 3):
 PSYoungGen      total 2560K, used 160K [0x00000000d5580000, 0x00000000d5980000, 0x0000000100000000)
  eden space 2048K, 0% used [0x00000000d5580000,0x00000000d5580000,0x00000000d5780000)
  from space 512K, 31% used [0x00000000d5900000,0x00000000d5928020,0x00000000d5980000)
  to   space 512K, 0% used [0x00000000d5880000,0x00000000d5880000,0x00000000d5900000)
 ParOldGen       total 583168K, used 583163K [0x0000000080000000, 0x00000000a3980000, 0x00000000d5580000)
  object space 583168K, 99% used [0x0000000080000000,0x00000000a397ecb0,0x00000000a3980000)
 Metaspace       used 71421K, committed 72768K, reserved 1114112K
  class space    used 7588K, committed 8192K, reserved 1048576K
}
Event: 629.188 GC heap before
{Heap before GC invocations=708 (full 3):
 PSYoungGen      total 2560K, used 2208K [0x00000000d5580000, 0x00000000d5980000, 0x0000000100000000)
  eden space 2048K, 100% used [0x00000000d5580000,0x00000000d5780000,0x00000000d5780000)
  from space 512K, 31% used [0x00000000d5900000,0x00000000d5928020,0x00000000d5980000)
  to   space 512K, 0% used [0x00000000d5880000,0x00000000d5880000,0x00000000d5900000)
 ParOldGen       total 583168K, used 583163K [0x0000000080000000, 0x00000000a3980000, 0x00000000d5580000)
  object space 583168K, 99% used [0x0000000080000000,0x00000000a397ecb0,0x00000000a3980000)
 Metaspace       used 71427K, committed 72832K, reserved 1114112K
  class space    used 7588K, committed 8192K, reserved 1048576K
}
Event: 629.191 GC heap after
{Heap after GC invocations=708 (full 3):
 PSYoungGen      total 2560K, used 352K [0x00000000d5580000, 0x00000000d5980000, 0x0000000100000000)
  eden space 2048K, 0% used [0x00000000d5580000,0x00000000d5580000,0x00000000d5780000)
  from space 512K, 68% used [0x00000000d5880000,0x00000000d58d8000,0x00000000d5900000)
  to   space 512K, 0% used [0x00000000d5900000,0x00000000d5900000,0x00000000d5980000)
 ParOldGen       total 583680K, used 583219K [0x0000000080000000, 0x00000000a3a00000, 0x00000000d5580000)
  object space 583680K, 99% used [0x0000000080000000,0x00000000a398ccb0,0x00000000a3a00000)
 Metaspace       used 71427K, committed 72832K, reserved 1114112K
  class space    used 7588K, committed 8192K, reserved 1048576K
}
Event: 629.588 GC heap before
{Heap before GC invocations=709 (full 3):
 PSYoungGen      total 2560K, used 2400K [0x00000000d5580000, 0x00000000d5980000, 0x0000000100000000)
  eden space 2048K, 100% used [0x00000000d5580000,0x00000000d5780000,0x00000000d5780000)
  from space 512K, 68% used [0x00000000d5880000,0x00000000d58d8000,0x00000000d5900000)
  to   space 512K, 0% used [0x00000000d5900000,0x00000000d5900000,0x00000000d5980000)
 ParOldGen       total 583680K, used 583219K [0x0000000080000000, 0x00000000a3a00000, 0x00000000d5580000)
  object space 583680K, 99% used [0x0000000080000000,0x00000000a398ccb0,0x00000000a3a00000)
 Metaspace       used 71628K, committed 73024K, reserved 1114112K
  class space    used 7601K, committed 8192K, reserved 1048576K
}
Event: 629.594 GC heap after
{Heap after GC invocations=709 (full 3):
 PSYoungGen      total 2560K, used 496K [0x00000000d5580000, 0x00000000d5980000, 0x0000000100000000)
  eden space 2048K, 0% used [0x00000000d5580000,0x00000000d5580000,0x00000000d5780000)
  from space 512K, 96% used [0x00000000d5900000,0x00000000d597c010,0x00000000d5980000)
  to   space 1024K, 0% used [0x00000000d5780000,0x00000000d5780000,0x00000000d5880000)
 ParOldGen       total 583680K, used 583281K [0x0000000080000000, 0x00000000a3a00000, 0x00000000d5580000)
  object space 583680K, 99% used [0x0000000080000000,0x00000000a399c6f0,0x00000000a3a00000)
 Metaspace       used 71628K, committed 73024K, reserved 1114112K
  class space    used 7601K, committed 8192K, reserved 1048576K
}
Event: 629.628 GC heap before
{Heap before GC invocations=710 (full 3):
 PSYoungGen      total 2560K, used 2544K [0x00000000d5580000, 0x00000000d5980000, 0x0000000100000000)
  eden space 2048K, 100% used [0x00000000d5580000,0x00000000d5780000,0x00000000d5780000)
  from space 512K, 96% used [0x00000000d5900000,0x00000000d597c010,0x00000000d5980000)
  to   space 1024K, 0% used [0x00000000d5780000,0x00000000d5780000,0x00000000d5880000)
 ParOldGen       total 583680K, used 583281K [0x0000000080000000, 0x00000000a3a00000, 0x00000000d5580000)
  object space 583680K, 99% used [0x0000000080000000,0x00000000a399c6f0,0x00000000a3a00000)
 Metaspace       used 71634K, committed 73024K, reserved 1114112K
  class space    used 7601K, committed 8192K, reserved 1048576K
}
Event: 629.631 GC heap after
{Heap after GC invocations=710 (full 3):
 PSYoungGen      total 3072K, used 128K [0x00000000d5580000, 0x00000000d5980000, 0x0000000100000000)
  eden space 2048K, 0% used [0x00000000d5580000,0x00000000d5580000,0x00000000d5780000)
  from space 1024K, 12% used [0x00000000d5780000,0x00000000d57a0000,0x00000000d5880000)
  to   space 512K, 0% used [0x00000000d5900000,0x00000000d5900000,0x00000000d5980000)
 ParOldGen       total 583680K, used 583345K [0x0000000080000000, 0x00000000a3a00000, 0x00000000d5580000)
  object space 583680K, 99% used [0x0000000080000000,0x00000000a39ac6f0,0x00000000a3a00000)
 Metaspace       used 71634K, committed 73024K, reserved 1114112K
  class space    used 7601K, committed 8192K, reserved 1048576K
}
Event: 629.898 GC heap before
{Heap before GC invocations=711 (full 3):
 PSYoungGen      total 3072K, used 2176K [0x00000000d5580000, 0x00000000d5980000, 0x0000000100000000)
  eden space 2048K, 100% used [0x00000000d5580000,0x00000000d5780000,0x00000000d5780000)
  from space 1024K, 12% used [0x00000000d5780000,0x00000000d57a0000,0x00000000d5880000)
  to   space 512K, 0% used [0x00000000d5900000,0x00000000d5900000,0x00000000d5980000)
 ParOldGen       total 583680K, used 583345K [0x0000000080000000, 0x00000000a3a00000, 0x00000000d5580000)
  object space 583680K, 99% used [0x0000000080000000,0x00000000a39ac6f0,0x00000000a3a00000)
 Metaspace       used 71638K, committed 73024K, reserved 1114112K
  class space    used 7601K, committed 8192K, reserved 1048576K
}
Event: 629.902 GC heap after
{Heap after GC invocations=711 (full 3):
 PSYoungGen      total 2560K, used 432K [0x00000000d5580000, 0x00000000d5980000, 0x0000000100000000)
  eden space 2048K, 0% used [0x00000000d5580000,0x00000000d5580000,0x00000000d5780000)
  from space 512K, 84% used [0x00000000d5900000,0x00000000d596c010,0x00000000d5980000)
  to   space 512K, 0% used [0x00000000d5880000,0x00000000d5880000,0x00000000d5900000)
 ParOldGen       total 583680K, used 583377K [0x0000000080000000, 0x00000000a3a00000, 0x00000000d5580000)
  object space 583680K, 99% used [0x0000000080000000,0x00000000a39b46f0,0x00000000a3a00000)
 Metaspace       used 71638K, committed 73024K, reserved 1114112K
  class space    used 7601K, committed 8192K, reserved 1048576K
}
Event: 630.308 GC heap before
{Heap before GC invocations=712 (full 3):
 PSYoungGen      total 2560K, used 2480K [0x00000000d5580000, 0x00000000d5980000, 0x0000000100000000)
  eden space 2048K, 99% used [0x00000000d5580000,0x00000000d577fff0,0x00000000d5780000)
  from space 512K, 84% used [0x00000000d5900000,0x00000000d596c010,0x00000000d5980000)
  to   space 512K, 0% used [0x00000000d5880000,0x00000000d5880000,0x00000000d5900000)
 ParOldGen       total 583680K, used 583377K [0x0000000080000000, 0x00000000a3a00000, 0x00000000d5580000)
  object space 583680K, 99% used [0x0000000080000000,0x00000000a39b46f0,0x00000000a3a00000)
 Metaspace       used 71643K, committed 73024K, reserved 1114112K
  class space    used 7601K, committed 8192K, reserved 1048576K
}
Event: 630.311 GC heap after
{Heap after GC invocations=712 (full 3):
 PSYoungGen      total 2560K, used 496K [0x00000000d5580000, 0x00000000d5980000, 0x0000000100000000)
  eden space 2048K, 0% used [0x00000000d5580000,0x00000000d5580000,0x00000000d5780000)
  from space 512K, 96% used [0x00000000d5880000,0x00000000d58fc010,0x00000000d5900000)
  to   space 512K, 0% used [0x00000000d5900000,0x00000000d5900000,0x00000000d5980000)
 ParOldGen       total 583680K, used 583433K [0x0000000080000000, 0x00000000a3a00000, 0x00000000d5580000)
  object space 583680K, 99% used [0x0000000080000000,0x00000000a39c26f0,0x00000000a3a00000)
 Metaspace       used 71643K, committed 73024K, reserved 1114112K
  class space    used 7601K, committed 8192K, reserved 1048576K
}
Event: 631.304 GC heap before
{Heap before GC invocations=713 (full 3):
 PSYoungGen      total 2560K, used 2532K [0x00000000d5580000, 0x00000000d5980000, 0x0000000100000000)
  eden space 2048K, 99% used [0x00000000d5580000,0x00000000d577d0f8,0x00000000d5780000)
  from space 512K, 96% used [0x00000000d5880000,0x00000000d58fc010,0x00000000d5900000)
  to   space 512K, 0% used [0x00000000d5900000,0x00000000d5900000,0x00000000d5980000)
 ParOldGen       total 583680K, used 583433K [0x0000000080000000, 0x00000000a3a00000, 0x00000000d5580000)
  object space 583680K, 99% used [0x0000000080000000,0x00000000a39c26f0,0x00000000a3a00000)
 Metaspace       used 71660K, committed 73024K, reserved 1114112K
  class space    used 7602K, committed 8192K, reserved 1048576K
}
Event: 631.308 GC heap after
{Heap after GC invocations=713 (full 3):
 PSYoungGen      total 2560K, used 507K [0x00000000d5580000, 0x00000000d5980000, 0x0000000100000000)
  eden space 2048K, 0% used [0x00000000d5580000,0x00000000d5580000,0x00000000d5780000)
  from space 512K, 99% used [0x00000000d5900000,0x00000000d597ee78,0x00000000d5980000)
  to   space 1024K, 0% used [0x00000000d5780000,0x00000000d5780000,0x00000000d5880000)
 ParOldGen       total 584192K, used 583764K [0x0000000080000000, 0x00000000a3a80000, 0x00000000d5580000)
  object space 584192K, 99% used [0x0000000080000000,0x00000000a3a15260,0x00000000a3a80000)
 Metaspace       used 71660K, committed 73024K, reserved 1114112K
  class space    used 7602K, committed 8192K, reserved 1048576K
}
Event: 631.349 GC heap before
{Heap before GC invocations=714 (full 3):
 PSYoungGen      total 2560K, used 2555K [0x00000000d5580000, 0x00000000d5980000, 0x0000000100000000)
  eden space 2048K, 100% used [0x00000000d5580000,0x00000000d5780000,0x00000000d5780000)
  from space 512K, 99% used [0x00000000d5900000,0x00000000d597ee78,0x00000000d5980000)
  to   space 1024K, 0% used [0x00000000d5780000,0x00000000d5780000,0x00000000d5880000)
 ParOldGen       total 584192K, used 583764K [0x0000000080000000, 0x00000000a3a80000, 0x00000000d5580000)
  object space 584192K, 99% used [0x0000000080000000,0x00000000a3a15260,0x00000000a3a80000)
 Metaspace       used 71884K, committed 73280K, reserved 1114112K
  class space    used 7620K, committed 8256K, reserved 1048576K
}
Event: 631.353 GC heap after
{Heap after GC invocations=714 (full 3):
 PSYoungGen      total 3072K, used 304K [0x00000000d5580000, 0x00000000d5980000, 0x0000000100000000)
  eden space 2048K, 0% used [0x00000000d5580000,0x00000000d5580000,0x00000000d5780000)
  from space 1024K, 29% used [0x00000000d5780000,0x00000000d57cc010,0x00000000d5880000)
  to   space 512K, 0% used [0x00000000d5900000,0x00000000d5900000,0x00000000d5980000)
 ParOldGen       total 584192K, used 583860K [0x0000000080000000, 0x00000000a3a80000, 0x00000000d5580000)
  object space 584192K, 99% used [0x0000000080000000,0x00000000a3a2d260,0x00000000a3a80000)
 Metaspace       used 71884K, committed 73280K, reserved 1114112K
  class space    used 7620K, committed 8256K, reserved 1048576K
}
Event: 631.839 GC heap before
{Heap before GC invocations=715 (full 3):
 PSYoungGen      total 3072K, used 2347K [0x00000000d5580000, 0x00000000d5980000, 0x0000000100000000)
  eden space 2048K, 99% used [0x00000000d5580000,0x00000000d577ed80,0x00000000d5780000)
  from space 1024K, 29% used [0x00000000d5780000,0x00000000d57cc010,0x00000000d5880000)
  to   space 512K, 0% used [0x00000000d5900000,0x00000000d5900000,0x00000000d5980000)
 ParOldGen       total 584192K, used 583860K [0x0000000080000000, 0x00000000a3a80000, 0x00000000d5580000)
  object space 584192K, 99% used [0x0000000080000000,0x00000000a3a2d260,0x00000000a3a80000)
 Metaspace       used 71893K, committed 73344K, reserved 1114112K
  class space    used 7620K, committed 8256K, reserved 1048576K
}
Event: 631.842 GC heap after
{Heap after GC invocations=715 (full 3):
 PSYoungGen      total 2560K, used 224K [0x00000000d5580000, 0x00000000d5980000, 0x0000000100000000)
  eden space 2048K, 0% used [0x00000000d5580000,0x00000000d5580000,0x00000000d5780000)
  from space 512K, 43% used [0x00000000d5900000,0x00000000d5938000,0x00000000d5980000)
  to   space 512K, 0% used [0x00000000d5880000,0x00000000d5880000,0x00000000d5900000)
 ParOldGen       total 584192K, used 583916K [0x0000000080000000, 0x00000000a3a80000, 0x00000000d5580000)
  object space 584192K, 99% used [0x0000000080000000,0x00000000a3a3b260,0x00000000a3a80000)
 Metaspace       used 71893K, committed 73344K, reserved 1114112K
  class space    used 7620K, committed 8256K, reserved 1048576K
}

