# JRE version: OpenJDK Runtime Environment Temurin-21.0.8+9 (21.0.8+9) (build 21.0.8+9-LTS)
# Java VM: OpenJDK 64-Bit Server VM Temurin-21.0.8+9 (21.0.8+9-LTS, mixed mode, sharing, tiered, compressed oops, compressed class ptrs, parallel gc, windows-amd64)
GC Precious Log:
 CardTable entry size: 512
 CPUs: 8 total, 8 available
 Memory: 6020M
 Large Page Support: Disabled
 NUMA Support: Disabled
 Compressed Oops: Enabled (32-bit)
 Alignments: Space 512K, Generation 512K, Heap 2M
 Heap Min Capacity: 100M
 Heap Initial Capacity: 100M
 Heap Max Capacity: 2G
 Pre-touch: Disabled
 Parallel Workers: 8
Heap:
 PSYoungGen      total 13312K, used 10553K [0x00000000d5580000, 0x00000000d6980000, 0x0000000100000000)
  eden space 12288K, 78% used [0x00000000d5580000,0x00000000d5ee65e0,0x00000000d6180000)
  from space 1024K, 90% used [0x00000000d6680000,0x00000000d6768010,0x00000000d6780000)
  to   space 1536K, 0% used [0x00000000d6800000,0x00000000d6800000,0x00000000d6980000)
 ParOldGen       total 1053184K, used 1052920K [0x0000000080000000, 0x00000000c0480000, 0x00000000d5580000)
  object space 1053184K, 99% used [0x0000000080000000,0x00000000c043e2d0,0x00000000c0480000)
 Metaspace       used 79211K, committed 80704K, reserved 1179648K
  class space    used 8363K, committed 9024K, reserved 1048576K
GC Heap History (20 events):
Event: 105.594 GC heap before
{Heap before GC invocations=921 (full 3):
 PSYoungGen      total 14336K, used 12755K [0x00000000d5580000, 0x00000000d6680000, 0x0000000100000000)
  eden space 13312K, 93% used [0x00000000d5580000,0x00000000d61b4f10,0x00000000d6280000)
  from space 1024K, 25% used [0x00000000d6480000,0x00000000d64c0000,0x00000000d6580000)
  to   space 512K, 0% used [0x00000000d6600000,0x00000000d6600000,0x00000000d6680000)
 ParOldGen       total 1037312K, used 1035491K [0x0000000080000000, 0x00000000bf500000, 0x00000000d5580000)
  object space 1037312K, 99% used [0x0000000080000000,0x00000000bf338c48,0x00000000bf500000)
 Metaspace       used 79006K, committed 80512K, reserved 1179648K
  class space    used 8350K, committed 9024K, reserved 1048576K
}
Event: 105.601 GC heap after
{Heap after GC invocations=921 (full 3):
 PSYoungGen      total 12800K, used 512K [0x00000000d5580000, 0x00000000d6b80000, 0x0000000100000000)
  eden space 12288K, 0% used [0x00000000d5580000,0x00000000d5580000,0x00000000d6180000)
  from space 512K, 100% used [0x00000000d6600000,0x00000000d6680000,0x00000000d6680000)
  to   space 4608K, 0% used [0x00000000d6180000,0x00000000d6180000,0x00000000d6600000)
 ParOldGen       total 1039872K, used 1038937K [0x0000000080000000, 0x00000000bf780000, 0x00000000d5580000)
  object space 1039872K, 99% used [0x0000000080000000,0x00000000bf696528,0x00000000bf780000)
 Metaspace       used 79006K, committed 80512K, reserved 1179648K
  class space    used 8350K, committed 9024K, reserved 1048576K
}
Event: 105.642 GC heap before
{Heap before GC invocations=922 (full 3):
 PSYoungGen      total 12800K, used 12224K [0x00000000d5580000, 0x00000000d6b80000, 0x0000000100000000)
  eden space 12288K, 95% used [0x00000000d5580000,0x00000000d60f0278,0x00000000d6180000)
  from space 512K, 100% used [0x00000000d6600000,0x00000000d6680000,0x00000000d6680000)
  to   space 4608K, 0% used [0x00000000d6180000,0x00000000d6180000,0x00000000d6600000)
 ParOldGen       total 1039872K, used 1038937K [0x0000000080000000, 0x00000000bf780000, 0x00000000d5580000)
  object space 1039872K, 99% used [0x0000000080000000,0x00000000bf696528,0x00000000bf780000)
 Metaspace       used 79006K, committed 80512K, reserved 1179648K
  class space    used 8350K, committed 9024K, reserved 1048576K
}
Event: 105.647 GC heap after
{Heap after GC invocations=922 (full 3):
 PSYoungGen      total 14336K, used 1774K [0x00000000d5580000, 0x00000000d6680000, 0x0000000100000000)
  eden space 12288K, 0% used [0x00000000d5580000,0x00000000d5580000,0x00000000d6180000)
  from space 2048K, 86% used [0x00000000d6180000,0x00000000d633b8f8,0x00000000d6380000)
  to   space 2560K, 0% used [0x00000000d6400000,0x00000000d6400000,0x00000000d6680000)
 ParOldGen       total 1039872K, used 1039422K [0x0000000080000000, 0x00000000bf780000, 0x00000000d5580000)
  object space 1039872K, 99% used [0x0000000080000000,0x00000000bf70f9a8,0x00000000bf780000)
 Metaspace       used 79006K, committed 80512K, reserved 1179648K
  class space    used 8350K, committed 9024K, reserved 1048576K
}
Event: 105.728 GC heap before
{Heap before GC invocations=923 (full 3):
 PSYoungGen      total 14336K, used 14062K [0x00000000d5580000, 0x00000000d6680000, 0x0000000100000000)
  eden space 12288K, 99% used [0x00000000d5580000,0x00000000d617ffd8,0x00000000d6180000)
  from space 2048K, 86% used [0x00000000d6180000,0x00000000d633b8f8,0x00000000d6380000)
  to   space 2560K, 0% used [0x00000000d6400000,0x00000000d6400000,0x00000000d6680000)
 ParOldGen       total 1039872K, used 1039422K [0x0000000080000000, 0x00000000bf780000, 0x00000000d5580000)
  object space 1039872K, 99% used [0x0000000080000000,0x00000000bf70f9a8,0x00000000bf780000)
 Metaspace       used 79006K, committed 80512K, reserved 1179648K
  class space    used 8350K, committed 9024K, reserved 1048576K
}
Event: 105.734 GC heap after
{Heap after GC invocations=923 (full 3):
 PSYoungGen      total 14848K, used 2057K [0x00000000d5580000, 0x00000000d6680000, 0x0000000100000000)
  eden space 12288K, 0% used [0x00000000d5580000,0x00000000d5580000,0x00000000d6180000)
  from space 2560K, 80% used [0x00000000d6400000,0x00000000d6602790,0x00000000d6680000)
  to   space 2560K, 0% used [0x00000000d6180000,0x00000000d6180000,0x00000000d6400000)
 ParOldGen       total 1039872K, used 1039534K [0x0000000080000000, 0x00000000bf780000, 0x00000000d5580000)
  object space 1039872K, 99% used [0x0000000080000000,0x00000000bf72b9b8,0x00000000bf780000)
 Metaspace       used 79006K, committed 80512K, reserved 1179648K
  class space    used 8350K, committed 9024K, reserved 1048576K
}
Event: 105.814 GC heap before
{Heap before GC invocations=924 (full 3):
 PSYoungGen      total 14848K, used 14345K [0x00000000d5580000, 0x00000000d6680000, 0x0000000100000000)
  eden space 12288K, 100% used [0x00000000d5580000,0x00000000d6180000,0x00000000d6180000)
  from space 2560K, 80% used [0x00000000d6400000,0x00000000d6602790,0x00000000d6680000)
  to   space 2560K, 0% used [0x00000000d6180000,0x00000000d6180000,0x00000000d6400000)
 ParOldGen       total 1039872K, used 1039534K [0x0000000080000000, 0x00000000bf780000, 0x00000000d5580000)
  object space 1039872K, 99% used [0x0000000080000000,0x00000000bf72b9b8,0x00000000bf780000)
 Metaspace       used 79007K, committed 80576K, reserved 1179648K
  class space    used 8350K, committed 9024K, reserved 1048576K
}
Event: 105.829 GC heap after
{Heap after GC invocations=924 (full 3):
 PSYoungGen      total 14848K, used 2550K [0x00000000d5580000, 0x00000000d7380000, 0x0000000100000000)
  eden space 12288K, 0% used [0x00000000d5580000,0x00000000d5580000,0x00000000d6180000)
  from space 2560K, 99% used [0x00000000d6180000,0x00000000d63fd8f8,0x00000000d6400000)
  to   space 9216K, 0% used [0x00000000d6a80000,0x00000000d6a80000,0x00000000d7380000)
 ParOldGen       total 1045504K, used 1045060K [0x0000000080000000, 0x00000000bfd00000, 0x00000000d5580000)
  object space 1045504K, 99% used [0x0000000080000000,0x00000000bfc91158,0x00000000bfd00000)
 Metaspace       used 79007K, committed 80576K, reserved 1179648K
  class space    used 8350K, committed 9024K, reserved 1048576K
}
Event: 106.078 GC heap before
{Heap before GC invocations=925 (full 3):
 PSYoungGen      total 14848K, used 14663K [0x00000000d5580000, 0x00000000d7380000, 0x0000000100000000)
  eden space 12288K, 98% used [0x00000000d5580000,0x00000000d61544a8,0x00000000d6180000)
  from space 2560K, 99% used [0x00000000d6180000,0x00000000d63fd8f8,0x00000000d6400000)
  to   space 9216K, 0% used [0x00000000d6a80000,0x00000000d6a80000,0x00000000d7380000)
 ParOldGen       total 1045504K, used 1045060K [0x0000000080000000, 0x00000000bfd00000, 0x00000000d5580000)
  object space 1045504K, 99% used [0x0000000080000000,0x00000000bfc91158,0x00000000bfd00000)
 Metaspace       used 79011K, committed 80576K, reserved 1179648K
  class space    used 8350K, committed 9024K, reserved 1048576K
}
Event: 106.087 GC heap after
{Heap after GC invocations=925 (full 3):
 PSYoungGen      total 15872K, used 3478K [0x00000000d5580000, 0x00000000d6e00000, 0x0000000100000000)
  eden space 12288K, 0% used [0x00000000d5580000,0x00000000d5580000,0x00000000d6180000)
  from space 3584K, 97% used [0x00000000d6a80000,0x00000000d6de5910,0x00000000d6e00000)
  to   space 5632K, 0% used [0x00000000d6300000,0x00000000d6300000,0x00000000d6880000)
 ParOldGen       total 1046016K, used 1045930K [0x0000000080000000, 0x00000000bfd80000, 0x00000000d5580000)
  object space 1046016K, 99% used [0x0000000080000000,0x00000000bfd6ab98,0x00000000bfd80000)
 Metaspace       used 79011K, committed 80576K, reserved 1179648K
  class space    used 8350K, committed 9024K, reserved 1048576K
}
Event: 106.314 GC heap before
{Heap before GC invocations=926 (full 3):
 PSYoungGen      total 15872K, used 15710K [0x00000000d5580000, 0x00000000d6e00000, 0x0000000100000000)
  eden space 12288K, 99% used [0x00000000d5580000,0x00000000d6172188,0x00000000d6180000)
  from space 3584K, 97% used [0x00000000d6a80000,0x00000000d6de5910,0x00000000d6e00000)
  to   space 5632K, 0% used [0x00000000d6300000,0x00000000d6300000,0x00000000d6880000)
 ParOldGen       total 1046016K, used 1045930K [0x0000000080000000, 0x00000000bfd80000, 0x00000000d5580000)
  object space 1046016K, 99% used [0x0000000080000000,0x00000000bfd6ab98,0x00000000bfd80000)
 Metaspace       used 79011K, committed 80576K, reserved 1179648K
  class space    used 8350K, committed 9024K, reserved 1048576K
}
Event: 106.324 GC heap after
{Heap after GC invocations=926 (full 3):
 PSYoungGen      total 17920K, used 5607K [0x00000000d5580000, 0x00000000d7280000, 0x0000000100000000)
  eden space 12288K, 0% used [0x00000000d5580000,0x00000000d5580000,0x00000000d6180000)
  from space 5632K, 99% used [0x00000000d6300000,0x00000000d6879ea0,0x00000000d6880000)
  to   space 8704K, 0% used [0x00000000d6a00000,0x00000000d6a00000,0x00000000d7280000)
 ParOldGen       total 1048064K, used 1047991K [0x0000000080000000, 0x00000000bff80000, 0x00000000d5580000)
  object space 1048064K, 99% used [0x0000000080000000,0x00000000bff6dfa0,0x00000000bff80000)
 Metaspace       used 79011K, committed 80576K, reserved 1179648K
  class space    used 8350K, committed 9024K, reserved 1048576K
}
Event: 106.495 GC heap before
{Heap before GC invocations=927 (full 3):
 PSYoungGen      total 17920K, used 17665K [0x00000000d5580000, 0x00000000d7280000, 0x0000000100000000)
  eden space 12288K, 98% used [0x00000000d5580000,0x00000000d6146868,0x00000000d6180000)
  from space 5632K, 99% used [0x00000000d6300000,0x00000000d6879ea0,0x00000000d6880000)
  to   space 8704K, 0% used [0x00000000d6a00000,0x00000000d6a00000,0x00000000d7280000)
 ParOldGen       total 1048064K, used 1047991K [0x0000000080000000, 0x00000000bff80000, 0x00000000d5580000)
  object space 1048064K, 99% used [0x0000000080000000,0x00000000bff6dfa0,0x00000000bff80000)
 Metaspace       used 79012K, committed 80576K, reserved 1179648K
  class space    used 8350K, committed 9024K, reserved 1048576K
}
Event: 106.507 GC heap after
{Heap after GC invocations=927 (full 3):
 PSYoungGen      total 14848K, used 2518K [0x00000000d5580000, 0x00000000d6c80000, 0x0000000100000000)
  eden space 12288K, 0% used [0x00000000d5580000,0x00000000d5580000,0x00000000d6180000)
  from space 2560K, 98% used [0x00000000d6a00000,0x00000000d6c75910,0x00000000d6c80000)
  to   space 4608K, 0% used [0x00000000d6380000,0x00000000d6380000,0x00000000d6800000)
 ParOldGen       total 1051648K, used 1051414K [0x0000000080000000, 0x00000000c0300000, 0x00000000d5580000)
  object space 1051648K, 99% used [0x0000000080000000,0x00000000c02c59c0,0x00000000c0300000)
 Metaspace       used 79012K, committed 80576K, reserved 1179648K
  class space    used 8350K, committed 9024K, reserved 1048576K
}
Event: 106.615 GC heap before
{Heap before GC invocations=928 (full 3):
 PSYoungGen      total 14848K, used 14190K [0x00000000d5580000, 0x00000000d6c80000, 0x0000000100000000)
  eden space 12288K, 94% used [0x00000000d5580000,0x00000000d60e5f40,0x00000000d6180000)
  from space 2560K, 98% used [0x00000000d6a00000,0x00000000d6c75910,0x00000000d6c80000)
  to   space 4608K, 0% used [0x00000000d6380000,0x00000000d6380000,0x00000000d6800000)
 ParOldGen       total 1051648K, used 1051414K [0x0000000080000000, 0x00000000c0300000, 0x00000000d5580000)
  object space 1051648K, 99% used [0x0000000080000000,0x00000000c02c59c0,0x00000000c0300000)
 Metaspace       used 79012K, committed 80576K, reserved 1179648K
  class space    used 8350K, committed 9024K, reserved 1048576K
}
Event: 106.623 GC heap after
{Heap after GC invocations=928 (full 3):
 PSYoungGen      total 16896K, used 128K [0x00000000d5580000, 0x00000000d6a80000, 0x0000000100000000)
  eden space 12288K, 0% used [0x00000000d5580000,0x00000000d5580000,0x00000000d6180000)
  from space 4608K, 2% used [0x00000000d6380000,0x00000000d63a0000,0x00000000d6800000)
  to   space 1536K, 0% used [0x00000000d6900000,0x00000000d6900000,0x00000000d6a80000)
 ParOldGen       total 1052160K, used 1051963K [0x0000000080000000, 0x00000000c0380000, 0x00000000d5580000)
  object space 1052160K, 99% used [0x0000000080000000,0x00000000c034ee40,0x00000000c0380000)
 Metaspace       used 79012K, committed 80576K, reserved 1179648K
  class space    used 8350K, committed 9024K, reserved 1048576K
}
Event: 107.441 GC heap before
{Heap before GC invocations=929 (full 3):
 PSYoungGen      total 16896K, used 12416K [0x00000000d5580000, 0x00000000d6a80000, 0x0000000100000000)
  eden space 12288K, 100% used [0x00000000d5580000,0x00000000d6180000,0x00000000d6180000)
  from space 4608K, 2% used [0x00000000d6380000,0x00000000d63a0000,0x00000000d6800000)
  to   space 1536K, 0% used [0x00000000d6900000,0x00000000d6900000,0x00000000d6a80000)
 ParOldGen       total 1052160K, used 1051963K [0x0000000080000000, 0x00000000c0380000, 0x00000000d5580000)
  object space 1052160K, 99% used [0x0000000080000000,0x00000000c034ee40,0x00000000c0380000)
 Metaspace       used 79055K, committed 80576K, reserved 1179648K
  class space    used 8351K, committed 9024K, reserved 1048576K
}
Event: 107.449 GC heap after
{Heap after GC invocations=929 (full 3):
 PSYoungGen      total 13824K, used 1344K [0x00000000d5580000, 0x00000000d6a80000, 0x0000000100000000)
  eden space 12288K, 0% used [0x00000000d5580000,0x00000000d5580000,0x00000000d6180000)
  from space 1536K, 87% used [0x00000000d6900000,0x00000000d6a50020,0x00000000d6a80000)
  to   space 2048K, 0% used [0x00000000d6680000,0x00000000d6680000,0x00000000d6880000)
 ParOldGen       total 1052160K, used 1052051K [0x0000000080000000, 0x00000000c0380000, 0x00000000d5580000)
  object space 1052160K, 99% used [0x0000000080000000,0x00000000c0364e40,0x00000000c0380000)
 Metaspace       used 79055K, committed 80576K, reserved 1179648K
  class space    used 8351K, committed 9024K, reserved 1048576K
}
Event: 107.626 GC heap before
{Heap before GC invocations=930 (full 3):
 PSYoungGen      total 13824K, used 13632K [0x00000000d5580000, 0x00000000d6a80000, 0x0000000100000000)
  eden space 12288K, 100% used [0x00000000d5580000,0x00000000d6180000,0x00000000d6180000)
  from space 1536K, 87% used [0x00000000d6900000,0x00000000d6a50020,0x00000000d6a80000)
  to   space 2048K, 0% used [0x00000000d6680000,0x00000000d6680000,0x00000000d6880000)
 ParOldGen       total 1052160K, used 1052051K [0x0000000080000000, 0x00000000c0380000, 0x00000000d5580000)
  object space 1052160K, 99% used [0x0000000080000000,0x00000000c0364e40,0x00000000c0380000)
 Metaspace       used 79158K, committed 80640K, reserved 1179648K
  class space    used 8355K, committed 9024K, reserved 1048576K
}
Event: 107.634 GC heap after
{Heap after GC invocations=930 (full 3):
 PSYoungGen      total 13312K, used 928K [0x00000000d5580000, 0x00000000d6980000, 0x0000000100000000)
  eden space 12288K, 0% used [0x00000000d5580000,0x00000000d5580000,0x00000000d6180000)
  from space 1024K, 90% used [0x00000000d6680000,0x00000000d6768010,0x00000000d6780000)
  to   space 1536K, 0% used [0x00000000d6800000,0x00000000d6800000,0x00000000d6980000)
 ParOldGen       total 1053184K, used 1052920K [0x0000000080000000, 0x00000000c0480000, 0x00000000d5580000)
  object space 1053184K, 99% used [0x0000000080000000,0x00000000c043e2d0,0x00000000c0480000)
 Metaspace       used 79158K, committed 80640K, reserved 1179648K
  class space    used 8355K, committed 9024K, reserved 1048576K
}

